2025-11-19 10:51:34 - New-Item -ItemType File -Name "full_reactivation.ps1" -Force
2025-11-19 10:51:41 - # ======================================================
2025-11-19 10:51:41 - # Full Sovereign AI Scaffold for PowerShell 7.5.4
2025-11-19 10:51:41 - # ======================================================
2025-11-19 10:51:41 - 
2025-11-19 10:51:41 - # -------------------------------
2025-11-19 10:51:41 - # Set working directory
2025-11-19 10:51:41 - # -------------------------------
2025-11-19 10:51:41 - $ScriptDir = "C:\Users\salde\dev\international"
2025-11-19 10:51:41 - if (-Not (Test-Path $ScriptDir)) { 
2025-11-19 10:51:41 -     Write-Host "Directory not found: $ScriptDir"; exit 
2025-11-19 10:56:41 - git init
2025-11-19 10:56:41 - git checkout -b full-reactivation
2025-11-19 10:56:41 - git add features
2025-11-19 10:56:41 - git add full_reactivation.ps1
2025-11-19 10:56:41 - git commit -m "Full-scale sovereign AI scaffold"
2025-11-19 10:56:41 - git remote add origin https://github.com/daniel550-pixel/finsight_global_ai_dashboard.git
2025-11-19 10:56:41 - git push -u origin full-reactivation
2025-11-19 10:56:53 - .\full_reactivation.ps1
2025-11-19 10:57:20 - .\full_reactivation.ps1
2025-11-19 10:57:31 - git config --global user.name "Your Name"
2025-11-19 10:57:31 - git config --global user.email "you@example.com"
2025-11-19 10:57:52 - # Ignore Windows system files
2025-11-19 10:57:52 - AppData/
2025-11-19 10:57:52 - *.log
2025-11-19 10:57:52 - *.tmp
2025-11-19 10:57:52 - *.jtx
2025-11-19 10:58:19 - git add features
